
> react-app@0.1.0 build
> react-scripts build

Creating an optimized production build...
Compiled with warnings.

[eslint] 
src/components/Component.jsx
  Line 8:5:    'loading' is assigned a value but never used  no-unused-vars
  Line 9:5:    'error' is assigned a value but never used    no-unused-vars
  Line 10:11:  'list' is assigned a value but never used     no-unused-vars

Search for the keywords to learn more about each warning.
To ignore, add // eslint-disable-next-line to the line before.

File sizes after gzip:

  47.08 kB  build/static/js/main.1d969384.js
  1.78 kB   build/static/js/787.b701888c.chunk.js
  735 B     build/static/js/862.57ffd2a6.chunk.js
  264 B     build/static/css/main.e6c13ad2.css

The project was built assuming it is hosted at /.
You can control this with the homepage field in your package.json.

The build folder is ready to be deployed.
You may serve it with a static server:

  npm install -g serve
  serve -s build

Find out more about deployment here:

  https://cra.link/deployment

